c:\users\macie\desktop\maciek\c++\sanfran-cisco\bramki\bramkominator\x64\debug\vc142.pdb
c:\users\macie\desktop\maciek\c++\sanfran-cisco\bramki\bramkominator\x64\debug\vc142.idb
c:\users\macie\desktop\maciek\c++\sanfran-cisco\bramki\bramkominator\x64\debug\xorgateway.obj
c:\users\macie\desktop\maciek\c++\sanfran-cisco\bramki\bramkominator\x64\debug\xnorgateway.obj
c:\users\macie\desktop\maciek\c++\sanfran-cisco\bramki\bramkominator\x64\debug\orgateway.obj
c:\users\macie\desktop\maciek\c++\sanfran-cisco\bramki\bramkominator\x64\debug\notgateway.obj
c:\users\macie\desktop\maciek\c++\sanfran-cisco\bramki\bramkominator\x64\debug\norgateway.obj
c:\users\macie\desktop\maciek\c++\sanfran-cisco\bramki\bramkominator\x64\debug\nandgateway.obj
c:\users\macie\desktop\maciek\c++\sanfran-cisco\bramki\bramkominator\x64\debug\main.obj
c:\users\macie\desktop\maciek\c++\sanfran-cisco\bramki\bramkominator\x64\debug\logicgateway.obj
c:\users\macie\desktop\maciek\c++\sanfran-cisco\bramki\bramkominator\x64\debug\button.obj
c:\users\macie\desktop\maciek\c++\sanfran-cisco\bramki\bramkominator\x64\debug\andgateway.obj
c:\users\macie\desktop\maciek\c++\sanfran-cisco\bramki\bramkominator\x64\debug\bramkominator.ilk
c:\users\macie\desktop\maciek\c++\sanfran-cisco\bramki\bramkominator\x64\debug\bramkominator.exe
c:\users\macie\desktop\maciek\c++\sanfran-cisco\bramki\bramkominator\x64\debug\bramkominator.pdb
c:\users\macie\desktop\maciek\c++\sanfran-cisco\bramki\bramkominator\x64\debug\unittests.idb
c:\users\macie\desktop\maciek\c++\sanfran-cisco\bramki\bramkominator\x64\debug\unittests.pdb
c:\users\macie\desktop\maciek\c++\sanfran-cisco\bramki\bramkominator\x64\debug\bramkominator.tlog\cl.command.1.tlog
c:\users\macie\desktop\maciek\c++\sanfran-cisco\bramki\bramkominator\x64\debug\bramkominator.tlog\cl.read.1.tlog
c:\users\macie\desktop\maciek\c++\sanfran-cisco\bramki\bramkominator\x64\debug\bramkominator.tlog\cl.write.1.tlog
c:\users\macie\desktop\maciek\c++\sanfran-cisco\bramki\bramkominator\x64\debug\bramkominator.tlog\link.command.1.tlog
c:\users\macie\desktop\maciek\c++\sanfran-cisco\bramki\bramkominator\x64\debug\bramkominator.tlog\link.read.1.tlog
c:\users\macie\desktop\maciek\c++\sanfran-cisco\bramki\bramkominator\x64\debug\bramkominator.tlog\link.write.1.tlog
