  pch.cpp
C:\Users\macie\Desktop\Maciek\C++\Sanfran-CISCO\bramki\LogicGateways\NotGateway.hpp(6,10): warning C4067: unexpected tokens following preprocessor directive - expected a newline
  AndGateway.cpp
  LogicGateway.cpp
  NandGateway.cpp
  NorGateway.cpp
  NotGateway.cpp
  OrGateway.cpp
  XnorGateway.cpp
  XorGateway.cpp
  Generating Code...
pch.obj : warning LNK4006: "public: __cdecl XorGateway::XorGateway(void)" (??0XorGateway@@QEAA@XZ) already defined in XorGateway.obj; second definition ignored
pch.obj : warning LNK4006: "public: __cdecl XorGateway::XorGateway(bool,bool)" (??0XorGateway@@QEAA@_N0@Z) already defined in XorGateway.obj; second definition ignored
pch.obj : warning LNK4006: "public: __cdecl XorGateway::~XorGateway(void)" (??1XorGateway@@QEAA@XZ) already defined in XorGateway.obj; second definition ignored
pch.obj : warning LNK4006: "public: virtual bool __cdecl XorGateway::getOutput(void)" (?getOutput@XorGateway@@UEAA_NXZ) already defined in XorGateway.obj; second definition ignored
pch.obj : warning LNK4006: "public: __cdecl XnorGateway::XnorGateway(void)" (??0XnorGateway@@QEAA@XZ) already defined in XnorGateway.obj; second definition ignored
pch.obj : warning LNK4006: "public: __cdecl XnorGateway::XnorGateway(bool,bool)" (??0XnorGateway@@QEAA@_N0@Z) already defined in XnorGateway.obj; second definition ignored
pch.obj : warning LNK4006: "public: __cdecl XnorGateway::~XnorGateway(void)" (??1XnorGateway@@QEAA@XZ) already defined in XnorGateway.obj; second definition ignored
pch.obj : warning LNK4006: "public: virtual bool __cdecl XnorGateway::getOutput(void)" (?getOutput@XnorGateway@@UEAA_NXZ) already defined in XnorGateway.obj; second definition ignored
OrGateway.obj : warning LNK4006: "public: __cdecl OrGateway::OrGateway(void)" (??0OrGateway@@QEAA@XZ) already defined in pch.obj; second definition ignored
OrGateway.obj : warning LNK4006: "public: __cdecl OrGateway::OrGateway(bool,bool)" (??0OrGateway@@QEAA@_N0@Z) already defined in pch.obj; second definition ignored
OrGateway.obj : warning LNK4006: "public: __cdecl OrGateway::~OrGateway(void)" (??1OrGateway@@QEAA@XZ) already defined in pch.obj; second definition ignored
OrGateway.obj : warning LNK4006: "public: virtual bool __cdecl OrGateway::getOutput(void)" (?getOutput@OrGateway@@UEAA_NXZ) already defined in pch.obj; second definition ignored
NotGateway.obj : warning LNK4006: "public: __cdecl NotGateway::NotGateway(void)" (??0NotGateway@@QEAA@XZ) already defined in pch.obj; second definition ignored
NotGateway.obj : warning LNK4006: "public: __cdecl NotGateway::NotGateway(bool)" (??0NotGateway@@QEAA@_N@Z) already defined in pch.obj; second definition ignored
NotGateway.obj : warning LNK4006: "public: __cdecl NotGateway::~NotGateway(void)" (??1NotGateway@@QEAA@XZ) already defined in pch.obj; second definition ignored
NotGateway.obj : warning LNK4006: "public: virtual bool __cdecl NotGateway::getOutput(void)" (?getOutput@NotGateway@@UEAA_NXZ) already defined in pch.obj; second definition ignored
NotGateway.obj : warning LNK4006: "public: void __cdecl NotGateway::setInput(bool)" (?setInput@NotGateway@@QEAAX_N@Z) already defined in pch.obj; second definition ignored
NorGateway.obj : warning LNK4006: "public: __cdecl NorGateway::NorGateway(void)" (??0NorGateway@@QEAA@XZ) already defined in pch.obj; second definition ignored
NorGateway.obj : warning LNK4006: "public: __cdecl NorGateway::NorGateway(bool,bool)" (??0NorGateway@@QEAA@_N0@Z) already defined in pch.obj; second definition ignored
NorGateway.obj : warning LNK4006: "public: __cdecl NorGateway::~NorGateway(void)" (??1NorGateway@@QEAA@XZ) already defined in pch.obj; second definition ignored
NorGateway.obj : warning LNK4006: "public: virtual bool __cdecl NorGateway::getOutput(void)" (?getOutput@NorGateway@@UEAA_NXZ) already defined in pch.obj; second definition ignored
NandGateway.obj : warning LNK4006: "public: __cdecl NandGateway::NandGateway(void)" (??0NandGateway@@QEAA@XZ) already defined in pch.obj; second definition ignored
NandGateway.obj : warning LNK4006: "public: __cdecl NandGateway::NandGateway(bool,bool)" (??0NandGateway@@QEAA@_N0@Z) already defined in pch.obj; second definition ignored
NandGateway.obj : warning LNK4006: "public: __cdecl NandGateway::~NandGateway(void)" (??1NandGateway@@QEAA@XZ) already defined in pch.obj; second definition ignored
NandGateway.obj : warning LNK4006: "public: virtual bool __cdecl NandGateway::getOutput(void)" (?getOutput@NandGateway@@UEAA_NXZ) already defined in pch.obj; second definition ignored
LogicGateway.obj : warning LNK4006: "public: __cdecl LogicGateway::LogicGateway(void)" (??0LogicGateway@@QEAA@XZ) already defined in pch.obj; second definition ignored
LogicGateway.obj : warning LNK4006: "public: __cdecl LogicGateway::LogicGateway(bool,bool)" (??0LogicGateway@@QEAA@_N0@Z) already defined in pch.obj; second definition ignored
LogicGateway.obj : warning LNK4006: "public: __cdecl LogicGateway::~LogicGateway(void)" (??1LogicGateway@@QEAA@XZ) already defined in pch.obj; second definition ignored
LogicGateway.obj : warning LNK4006: "public: void __cdecl LogicGateway::setInputs(bool,bool)" (?setInputs@LogicGateway@@QEAAX_N0@Z) already defined in pch.obj; second definition ignored
AndGateway.obj : warning LNK4006: "public: __cdecl AndGateway::AndGateway(void)" (??0AndGateway@@QEAA@XZ) already defined in pch.obj; second definition ignored
AndGateway.obj : warning LNK4006: "public: __cdecl AndGateway::AndGateway(bool,bool)" (??0AndGateway@@QEAA@_N0@Z) already defined in pch.obj; second definition ignored
AndGateway.obj : warning LNK4006: "public: __cdecl AndGateway::~AndGateway(void)" (??1AndGateway@@QEAA@XZ) already defined in pch.obj; second definition ignored
AndGateway.obj : warning LNK4006: "public: virtual bool __cdecl AndGateway::getOutput(void)" (?getOutput@AndGateway@@UEAA_NXZ) already defined in pch.obj; second definition ignored
  LogicGateways.vcxproj -> C:\Users\macie\Desktop\Maciek\C++\Sanfran-CISCO\bramki\bramkominator\x64\Debug\LogicGateways.lib
